#
# There is insufficient memory for the Java Runtime Environment to continue.
# Native memory allocation (malloc) failed to allocate 32744 bytes for ChunkPool::allocate
# Possible reasons:
#   The system is out of physical RAM or swap space
#   In 32 bit mode, the process size limit was hit
# Possible solutions:
#   Reduce memory load on the system
#   Increase physical memory or swap space
#   Check if swap backing store is full
#   Use 64 bit Java on a 64 bit OS
#   Decrease Java heap size (-Xmx/-Xms)
#   Decrease number of Java threads
#   Decrease Java thread stack sizes (-Xss)
#   Set larger code cache with -XX:ReservedCodeCacheSize=
# This output file may be truncated or incomplete.
#
#  Out of Memory Error (allocation.cpp:273), pid=7368, tid=0x00000000000012cc
#
# JRE version: Java(TM) SE Runtime Environment (8.0_171-b11) (build 1.8.0_171-b11)
# Java VM: Java HotSpot(TM) 64-Bit Server VM (25.171-b11 mixed mode windows-amd64 compressed oops)
# Failed to write core dump. Minidumps are not enabled by default on client versions of Windows
#

---------------  T H R E A D  ---------------

Current thread (0x0000000016110800):  JavaThread "C2 CompilerThread0" daemon [_thread_in_native, id=4812, stack(0x0000000017770000,0x0000000017870000)]

Stack: [0x0000000017770000,0x0000000017870000]
[error occurred during error reporting (printing stack bounds), id 0xc0000005]

Native frames: (J=compiled Java code, j=interpreted, Vv=VM code, C=native code)


Current CompileTask:
C2:   9444 1692       4       java.net.URLClassLoader$1::run (5 bytes)


---------------  P R O C E S S  ---------------

Java Threads: ( => current thread )
  0x000000001616d800 JavaThread "Service Thread" daemon [_thread_blocked, id=9104, stack(0x0000000017e70000,0x0000000017f70000)]
  0x000000001611c800 JavaThread "C1 CompilerThread2" daemon [_thread_blocked, id=32, stack(0x0000000017970000,0x0000000017a70000)]
  0x0000000016118000 JavaThread "C2 CompilerThread1" daemon [_thread_in_native, id=10712, stack(0x0000000017870000,0x0000000017970000)]
=>0x0000000016110800 JavaThread "C2 CompilerThread0" daemon [_thread_in_native, id=4812, stack(0x0000000017770000,0x0000000017870000)]
  0x000000001610d000 JavaThread "Attach Listener" daemon [_thread_blocked, id=11536, stack(0x0000000017670000,0x0000000017770000)]
  0x000000001610b000 JavaThread "Signal Dispatcher" daemon [_thread_blocked, id=9628, stack(0x0000000017570000,0x0000000017670000)]
  0x00000000028bc800 JavaThread "Finalizer" daemon [_thread_blocked, id=11072, stack(0x0000000017380000,0x0000000017480000)]
  0x00000000028b1800 JavaThread "Reference Handler" daemon [_thread_blocked, id=13236, stack(0x0000000017280000,0x0000000017380000)]
  0x00000000027c2800 JavaThread "main" [_thread_in_native, id=10232, stack(0x0000000002680000,0x0000000002780000)]

Other Threads:
  0x00000000160d7800 VMThread [stack: 0x0000000017180000,0x0000000017280000] [id=11904]
  0x0000000017ab5800 WatcherThread [stack: 0x0000000017f70000,0x0000000018070000] [id=7656]

VM state:not at safepoint (normal execution)

VM Mutex/Monitor currently owned by a thread: None

Heap:
 PSYoungGen      total 52736K, used 22219K [0x00000000e0b00000, 0x00000000e7200000, 0x0000000100000000)
  eden space 49152K, 37% used [0x00000000e0b00000,0x00000000e1d3af78,0x00000000e3b00000)
  from space 3584K, 99% used [0x00000000e3b00000,0x00000000e3e78040,0x00000000e3e80000)
  to   space 3584K, 0% used [0x00000000e6e80000,0x00000000e6e80000,0x00000000e7200000)
 ParOldGen       total 64512K, used 9004K [0x00000000a2000000, 0x00000000a5f00000, 0x00000000e0b00000)
  object space 64512K, 13% used [0x00000000a2000000,0x00000000a28cb0b0,0x00000000a5f00000)
 Metaspace       used 15101K, capacity 15272K, committed 15616K, reserved 1062912K
  class space    used 1843K, capacity 1940K, committed 2048K, reserved 1048576K

Card table byte_map: [0x0000000011c80000,0x0000000011f80000] byte_map_base: 0x0000000011770000

Marking Bits: (ParMarkBitMap*) 0x000000005fd308c0
 Begin Bits: [0x0000000012580000, 0x0000000013d00000)
 End Bits:   [0x0000000013d00000, 0x0000000015480000)

Polling page: 0x0000000000d60000

CodeCache: size=245760Kb used=6794Kb max_used=6794Kb free=238965Kb
 bounds [0x00000000028c0000, 0x0000000002f70000, 0x00000000118c0000]
 total_blobs=2384 nmethods=2031 adapters=265
 compilation: enabled

Compilation events (10 events):
Event: 9.023 Thread 0x000000001611c800 nmethod 2038 0x0000000002f464d0 code [0x0000000002f46640, 0x0000000002f467e8]
Event: 9.232 Thread 0x000000001611c800 2040 %     3       org.apache.maven.artifact.versioning.ComparableVersion::parseVersion @ 53 (389 bytes)
Event: 9.260 Thread 0x000000001611c800 nmethod 2040% 0x0000000002f46890 code [0x0000000002f471a0, 0x0000000002f4e588]
Event: 9.260 Thread 0x000000001611c800 2041       3       org.apache.maven.artifact.versioning.ComparableVersion::parseVersion (389 bytes)
Event: 9.292 Thread 0x000000001611c800 nmethod 2041 0x0000000002f53350 code [0x0000000002f53c60, 0x0000000002f5aec8]
Event: 9.326 Thread 0x000000001611c800 2044       2       java.lang.Integer::toString (48 bytes)
Event: 9.328 Thread 0x000000001611c800 nmethod 2044 0x0000000002f5fb10 code [0x0000000002f5fca0, 0x0000000002f60048]
Event: 9.392 Thread 0x000000001611c800 2047       1       java.util.concurrent.ConcurrentHashMap::spread (10 bytes)
Event: 9.392 Thread 0x000000001611c800 nmethod 2047 0x0000000002f60310 code [0x0000000002f60460, 0x0000000002f60550]
Event: 9.405 Thread 0x000000001611c800 2048       2       com.google.common.cache.LocalCache$Segment::setValue (82 bytes)

GC Heap History (6 events):
Event: 2.612 GC heap before
{Heap before GC invocations=1 (full 0):
 PSYoungGen      total 28160K, used 24576K [0x00000000e0b00000, 0x00000000e2a00000, 0x0000000100000000)
  eden space 24576K, 100% used [0x00000000e0b00000,0x00000000e2300000,0x00000000e2300000)
  from space 3584K, 0% used [0x00000000e2680000,0x00000000e2680000,0x00000000e2a00000)
  to   space 3584K, 0% used [0x00000000e2300000,0x00000000e2300000,0x00000000e2680000)
 ParOldGen       total 64512K, used 0K [0x00000000a2000000, 0x00000000a5f00000, 0x00000000e0b00000)
  object space 64512K, 0% used [0x00000000a2000000,0x00000000a2000000,0x00000000a5f00000)
 Metaspace       used 7936K, capacity 8124K, committed 8320K, reserved 1056768K
  class space    used 971K, capacity 1048K, committed 1152K, reserved 1048576K
Event: 2.640 GC heap after
Heap after GC invocations=1 (full 0):
 PSYoungGen      total 28160K, used 3572K [0x00000000e0b00000, 0x00000000e4200000, 0x0000000100000000)
  eden space 24576K, 0% used [0x00000000e0b00000,0x00000000e0b00000,0x00000000e2300000)
  from space 3584K, 99% used [0x00000000e2300000,0x00000000e267d368,0x00000000e2680000)
  to   space 3584K, 0% used [0x00000000e3e80000,0x00000000e3e80000,0x00000000e4200000)
 ParOldGen       total 64512K, used 1092K [0x00000000a2000000, 0x00000000a5f00000, 0x00000000e0b00000)
  object space 64512K, 1% used [0x00000000a2000000,0x00000000a2111238,0x00000000a5f00000)
 Metaspace       used 7936K, capacity 8124K, committed 8320K, reserved 1056768K
  class space    used 971K, capacity 1048K, committed 1152K, reserved 1048576K
}
Event: 4.066 GC heap before
{Heap before GC invocations=2 (full 0):
 PSYoungGen      total 28160K, used 28148K [0x00000000e0b00000, 0x00000000e4200000, 0x0000000100000000)
  eden space 24576K, 100% used [0x00000000e0b00000,0x00000000e2300000,0x00000000e2300000)
  from space 3584K, 99% used [0x00000000e2300000,0x00000000e267d368,0x00000000e2680000)
  to   space 3584K, 0% used [0x00000000e3e80000,0x00000000e3e80000,0x00000000e4200000)
 ParOldGen       total 64512K, used 1092K [0x00000000a2000000, 0x00000000a5f00000, 0x00000000e0b00000)
  object space 64512K, 1% used [0x00000000a2000000,0x00000000a2111238,0x00000000a5f00000)
 Metaspace       used 10156K, capacity 10260K, committed 10368K, reserved 1058816K
  class space    used 1245K, capacity 1309K, committed 1408K, reserved 1048576K
Event: 4.084 GC heap after
Heap after GC invocations=2 (full 0):
 PSYoungGen      total 52736K, used 3557K [0x00000000e0b00000, 0x00000000e4200000, 0x0000000100000000)
  eden space 49152K, 0% used [0x00000000e0b00000,0x00000000e0b00000,0x00000000e3b00000)
  from space 3584K, 99% used [0x00000000e3e80000,0x00000000e41f9670,0x00000000e4200000)
  to   space 3584K, 0% used [0x00000000e3b00000,0x00000000e3b00000,0x00000000e3e80000)
 ParOldGen       total 64512K, used 2446K [0x00000000a2000000, 0x00000000a5f00000, 0x00000000e0b00000)
  object space 64512K, 3% used [0x00000000a2000000,0x00000000a2263890,0x00000000a5f00000)
 Metaspace       used 10156K, capacity 10260K, committed 10368K, reserved 1058816K
  class space    used 1245K, capacity 1309K, committed 1408K, reserved 1048576K
}
Event: 8.101 GC heap before
{Heap before GC invocations=3 (full 0):
 PSYoungGen      total 52736K, used 52709K [0x00000000e0b00000, 0x00000000e4200000, 0x0000000100000000)
  eden space 49152K, 100% used [0x00000000e0b00000,0x00000000e3b00000,0x00000000e3b00000)
  from space 3584K, 99% used [0x00000000e3e80000,0x00000000e41f9670,0x00000000e4200000)
  to   space 3584K, 0% used [0x00000000e3b00000,0x00000000e3b00000,0x00000000e3e80000)
 ParOldGen       total 64512K, used 2446K [0x00000000a2000000, 0x00000000a5f00000, 0x00000000e0b00000)
  object space 64512K, 3% used [0x00000000a2000000,0x00000000a2263890,0x00000000a5f00000)
 Metaspace       used 14888K, capacity 15080K, committed 15360K, reserved 1062912K
  class space    used 1835K, capacity 1940K, committed 2048K, reserved 1048576K
Event: 8.184 GC heap after
Heap after GC invocations=3 (full 0):
 PSYoungGen      total 52736K, used 3552K [0x00000000e0b00000, 0x00000000e7200000, 0x0000000100000000)
  eden space 49152K, 0% used [0x00000000e0b00000,0x00000000e0b00000,0x00000000e3b00000)
  from space 3584K, 99% used [0x00000000e3b00000,0x00000000e3e78040,0x00000000e3e80000)
  to   space 3584K, 0% used [0x00000000e6e80000,0x00000000e6e80000,0x00000000e7200000)
 ParOldGen       total 64512K, used 9004K [0x00000000a2000000, 0x00000000a5f00000, 0x00000000e0b00000)
  object space 64512K, 13% used [0x00000000a2000000,0x00000000a28cb0b0,0x00000000a5f00000)
 Metaspace       used 14888K, capacity 15080K, committed 15360K, reserved 1062912K
  class space    used 1835K, capacity 1940K, committed 2048K, reserved 1048576K
}

Deoptimization events (10 events):
Event: 6.240 Thread 0x00000000027c2800 Uncommon trap: reason=unstable_if action=reinterpret pc=0x0000000002b98d08 method=java.lang.AbstractStringBuilder.append(Ljava/lang/String;)Ljava/lang/AbstractStringBuilder; @ 1
Event: 6.240 Thread 0x00000000027c2800 Uncommon trap: reason=unstable_if action=reinterpret pc=0x0000000002ab0df4 method=java.lang.AbstractStringBuilder.append(Ljava/lang/String;)Ljava/lang/AbstractStringBuilder; @ 1
Event: 6.489 Thread 0x00000000027c2800 Uncommon trap: reason=predicate action=maybe_recompile pc=0x0000000002c6195c method=java.lang.String.regionMatches(ZILjava/lang/String;II)Z @ 63
Event: 6.585 Thread 0x00000000027c2800 Uncommon trap: reason=unstable_if action=reinterpret pc=0x0000000002a6f630 method=java.lang.String.replace(CC)Ljava/lang/String; @ 2
Event: 7.032 Thread 0x00000000027c2800 Uncommon trap: reason=unstable_if action=reinterpret pc=0x0000000002e59134 method=java.lang.reflect.AccessibleObject.setAccessible0(Ljava/lang/reflect/AccessibleObject;Z)V @ 4
Event: 7.094 Thread 0x00000000027c2800 Uncommon trap: reason=unstable_if action=reinterpret pc=0x0000000002e30e04 method=org.codehaus.plexus.util.xml.pull.MXParser.nextImpl()I @ 879
Event: 7.248 Thread 0x00000000027c2800 Uncommon trap: reason=unstable_if action=reinterpret pc=0x0000000002e39d74 method=java.lang.String.trim()Ljava/lang/String; @ 63
Event: 7.274 Thread 0x00000000027c2800 Uncommon trap: reason=unstable_if action=reinterpret pc=0x0000000002afe244 method=sun.nio.cs.UTF_8$Decoder.decode([BII[C)I @ 30
Event: 7.281 Thread 0x00000000027c2800 Uncommon trap: reason=unstable_if action=reinterpret pc=0x0000000002b6f4d4 method=sun.nio.cs.UTF_8$Decoder.decodeArrayLoop(Ljava/nio/ByteBuffer;Ljava/nio/CharBuffer;)Ljava/nio/charset/CoderResult; @ 84
Event: 7.493 Thread 0x00000000027c2800 Uncommon trap: reason=unstable_if action=reinterpret pc=0x0000000002d20e50 method=java.lang.String.substring(I)Ljava/lang/String; @ 35

Classes redefined (0 events):
No events

Internal exceptions (10 events):
Event: 5.408 Thread 0x00000000027c2800 Exception <a 'java/lang/NoClassDefFoundError'> (0x00000000e20ec250) thrown at [C:\re\workspace\8-2-build-windows-amd64-cygwin\jdk8u171\10807\hotspot\src\share\vm\prims\jvm.cpp, line 1439]
Event: 5.408 Thread 0x00000000027c2800 Exception <a 'java/lang/NoClassDefFoundError': javax/annotation/Priority> (0x00000000e20f0f50) thrown at [C:\re\workspace\8-2-build-windows-amd64-cygwin\jdk8u171\10807\hotspot\src\share\vm\classfile\systemDictionary.cpp, line 199]
Event: 6.071 Thread 0x00000000027c2800 Exception <a 'java/lang/NullPointerException'> (0x00000000e27610e8) thrown at [C:\re\workspace\8-2-build-windows-amd64-cygwin\jdk8u171\10807\hotspot\src\share\vm\interpreter\linkResolver.cpp, line 1185]
Event: 6.071 Thread 0x00000000027c2800 Exception <a 'java/lang/NullPointerException'> (0x00000000e2761300) thrown at [C:\re\workspace\8-2-build-windows-amd64-cygwin\jdk8u171\10807\hotspot\src\share\vm\interpreter\linkResolver.cpp, line 1185]
Event: 6.071 Thread 0x00000000027c2800 Exception <a 'java/lang/NullPointerException'> (0x00000000e2761518) thrown at [C:\re\workspace\8-2-build-windows-amd64-cygwin\jdk8u171\10807\hotspot\src\share\vm\interpreter\linkResolver.cpp, line 1185]
Event: 6.075 Thread 0x00000000027c2800 Exception <a 'java/lang/NullPointerException'> (0x00000000e2777ca0) thrown at [C:\re\workspace\8-2-build-windows-amd64-cygwin\jdk8u171\10807\hotspot\src\share\vm\interpreter\linkResolver.cpp, line 1185]
Event: 6.075 Thread 0x00000000027c2800 Exception <a 'java/lang/NullPointerException'> (0x00000000e2777eb8) thrown at [C:\re\workspace\8-2-build-windows-amd64-cygwin\jdk8u171\10807\hotspot\src\share\vm\interpreter\linkResolver.cpp, line 1185]
Event: 6.075 Thread 0x00000000027c2800 Exception <a 'java/lang/NullPointerException'> (0x00000000e27780d0) thrown at [C:\re\workspace\8-2-build-windows-amd64-cygwin\jdk8u171\10807\hotspot\src\share\vm\interpreter\linkResolver.cpp, line 1185]
Event: 6.240 Thread 0x00000000027c2800 Implicit null exception at 0x0000000002b98956 to 0x0000000002b98cf1
Event: 6.240 Thread 0x00000000027c2800 Implicit null exception at 0x0000000002ab0a19 to 0x0000000002ab0ddd

Events (10 events):
Event: 9.385 loading class org/codehaus/plexus/util/dag/Vertex
Event: 9.385 loading class org/codehaus/plexus/util/dag/Vertex done
Event: 9.387 loading class org/codehaus/plexus/util/dag/TopologicalSorter
Event: 9.387 loading class org/codehaus/plexus/util/dag/TopologicalSorter done
Event: 9.389 loading class java/util/LinkedList$ListItr
Event: 9.390 loading class java/util/LinkedList$ListItr done
Event: 9.394 loading class org/eclipse/aether/util/repository/ChainedWorkspaceReader
Event: 9.394 loading class org/eclipse/aether/util/repository/ChainedWorkspaceReader done
Event: 9.397 loading class org/apache/maven/lifecycle/internal/LifecycleTask
Event: 9.397 loading class org/apache/maven/lifecycle/internal/LifecycleTask done


Dynamic libraries:
0x00007ff6eae10000 - 0x00007ff6eae47000 	C:\Program Files\Java\jdk1.8.0_171\bin\java.exe
0x00007ff8da010000 - 0x00007ff8da1f1000 	C:\WINDOWS\SYSTEM32\ntdll.dll
0x00007ff8d1d30000 - 0x00007ff8d1d64000 	C:\Program Files\AVAST Software\Avast\x64\aswhooka.dll
0x00007ff8d9900000 - 0x00007ff8d99b2000 	C:\WINDOWS\System32\KERNEL32.DLL
0x00007ff8d6860000 - 0x00007ff8d6ad3000 	C:\WINDOWS\System32\KERNELBASE.dll
0x00007ff8d78e0000 - 0x00007ff8d7981000 	C:\WINDOWS\System32\ADVAPI32.dll
0x00007ff8d9df0000 - 0x00007ff8d9e8e000 	C:\WINDOWS\System32\msvcrt.dll
0x00007ff8d9d90000 - 0x00007ff8d9deb000 	C:\WINDOWS\System32\sechost.dll
0x00007ff8d9e90000 - 0x00007ff8d9fb4000 	C:\WINDOWS\System32\RPCRT4.dll
0x00007ff8d8320000 - 0x00007ff8d84b0000 	C:\WINDOWS\System32\USER32.dll
0x00007ff8d6840000 - 0x00007ff8d6860000 	C:\WINDOWS\System32\win32u.dll
0x00007ff8d78b0000 - 0x00007ff8d78d8000 	C:\WINDOWS\System32\GDI32.dll
0x00007ff8d6ae0000 - 0x00007ff8d6c72000 	C:\WINDOWS\System32\gdi32full.dll
0x00007ff8d63e0000 - 0x00007ff8d647f000 	C:\WINDOWS\System32\msvcp_win.dll
0x00007ff8d6670000 - 0x00007ff8d676a000 	C:\WINDOWS\System32\ucrtbase.dll
0x00007ff8cb0e0000 - 0x00007ff8cb349000 	C:\WINDOWS\WinSxS\amd64_microsoft.windows.common-controls_6595b64144ccf1df_6.0.17134.165_none_fb429645306569ac\COMCTL32.dll
0x00007ff8d74a0000 - 0x00007ff8d77c3000 	C:\WINDOWS\System32\combase.dll
0x00007ff8d67c0000 - 0x00007ff8d683a000 	C:\WINDOWS\System32\bcryptPrimitives.dll
0x00007ff8d7990000 - 0x00007ff8d79bd000 	C:\WINDOWS\System32\IMM32.DLL
0x000000005fdb0000 - 0x000000005fe82000 	C:\Program Files\Java\jdk1.8.0_171\jre\bin\msvcr100.dll
0x000000005f510000 - 0x000000005fdb0000 	C:\Program Files\Java\jdk1.8.0_171\jre\bin\server\jvm.dll
0x00007ff8d78a0000 - 0x00007ff8d78a8000 	C:\WINDOWS\System32\PSAPI.DLL
0x00007ff8c8920000 - 0x00007ff8c8929000 	C:\WINDOWS\SYSTEM32\WSOCK32.dll
0x00007ff8d77d0000 - 0x00007ff8d783c000 	C:\WINDOWS\System32\WS2_32.dll
0x00007ff8d36f0000 - 0x00007ff8d3713000 	C:\WINDOWS\SYSTEM32\WINMM.dll
0x00007ff8ca3a0000 - 0x00007ff8ca3aa000 	C:\WINDOWS\SYSTEM32\VERSION.dll
0x00007ff8d36c0000 - 0x00007ff8d36ea000 	C:\WINDOWS\SYSTEM32\WINMMBASE.dll
0x00007ff8d6770000 - 0x00007ff8d67b9000 	C:\WINDOWS\System32\cfgmgr32.dll
0x000000005f500000 - 0x000000005f50f000 	C:\Program Files\Java\jdk1.8.0_171\jre\bin\verify.dll
0x000000005f4d0000 - 0x000000005f4f9000 	C:\Program Files\Java\jdk1.8.0_171\jre\bin\java.dll
0x000000005f4b0000 - 0x000000005f4c6000 	C:\Program Files\Java\jdk1.8.0_171\jre\bin\zip.dll
0x00007ff8d84c0000 - 0x00007ff8d9900000 	C:\WINDOWS\System32\SHELL32.dll
0x00007ff8d7bc0000 - 0x00007ff8d7c69000 	C:\WINDOWS\System32\shcore.dll
0x00007ff8d6d30000 - 0x00007ff8d743d000 	C:\WINDOWS\System32\windows.storage.dll
0x00007ff8d7cf0000 - 0x00007ff8d7d41000 	C:\WINDOWS\System32\shlwapi.dll
0x00007ff8d6340000 - 0x00007ff8d6351000 	C:\WINDOWS\System32\kernel.appcore.dll
0x00007ff8d6320000 - 0x00007ff8d633f000 	C:\WINDOWS\System32\profapi.dll
0x00007ff8d6390000 - 0x00007ff8d63dc000 	C:\WINDOWS\System32\powrprof.dll
0x00007ff8d6360000 - 0x00007ff8d636a000 	C:\WINDOWS\System32\FLTLIB.DLL
0x00007ff8cdb00000 - 0x00007ff8cdb0a000 	E:\Software\apache-maven-3.5.4\lib\jansi-native\windows64\jansi.dll
0x000000005f480000 - 0x000000005f49a000 	C:\Program Files\Java\jdk1.8.0_171\jre\bin\net.dll
0x00007ff8d57e0000 - 0x00007ff8d5846000 	C:\WINDOWS\system32\mswsock.dll
0x000000005f460000 - 0x000000005f471000 	C:\Program Files\Java\jdk1.8.0_171\jre\bin\nio.dll

VM Arguments:
jvm_args: -Dclassworlds.conf=E:\Software\apache-maven-3.5.4\bin\..\bin\m2.conf -Dmaven.home=E:\Software\apache-maven-3.5.4\bin\.. -Dlibrary.jansi.path=E:\Software\apache-maven-3.5.4\bin\..\lib\jansi-native -Dmaven.multiModuleProjectDirectory=E:\Baeldung 
java_command: org.codehaus.plexus.classworlds.launcher.Launcher clean install
java_class_path (initial): E:\Software\apache-maven-3.5.4\bin\..\boot\plexus-classworlds-2.5.2.jar
Launcher Type: SUN_STANDARD

Environment Variables:
JAVA_HOME=C:\Program Files\Java\jdk1.8.0_171
CLASSPATH=.;C:\Program Files (x86)\Java\jre6\lib\ext\QTJava.zip
PATH=C:\Program Files (x86)\Common Files\Oracle\Java\javapath;E:\apache-ant-1.8.2\bin;C:\oraclexe\app\oracle\product\10.2.0\server\bin;c:\Program Files (x86)\AMD APP\bin\x86_64;c:\Program Files (x86)\AMD APP\bin\x86;c:\Program Files (x86)\Intel\iCLS Client\;c:\Program Files\Intel\iCLS Client\;C:\WINDOWS\system32;C:\WINDOWS;C:\WINDOWS\System32\Wbem;C:\WINDOWS\System32\WindowsPowerShell\v1.0\;C:\Program Files\Intel\Intel(R) Management Engine Components\DAL;C:\Program Files\Intel\Intel(R) Management Engine Components\IPT;C:\Program Files (x86)\Intel\Intel(R) Management Engine Components\DAL;C:\Program Files (x86)\Intel\Intel(R) Management Engine Components\IPT;c:\Program Files (x86)\ATI Technologies\ATI.ACE\Core-Static;C:\Program Files (x86)\Windows Live\Shared;E:\Java\jdk1.6.0_17\jre\bin;C:\Program Files (x86)\ATI Technologies\ATI.ACE\Core-Static;C:\Program Files (x86)\QuickTime\QTSystem\;C:\Program Files (x86)\Skype\Phone\;C:\WINDOWS\System32\OpenSSH\;E:\Dimenstionsetup\Accessories\;C:\Program Files (x86)\Common Files\IBM\SPSS\DataCollection\6\DMOM\;C:\Program Files\Java\jdk1.8.0_171\bin;;C:\Users\Satyam Tyagi\AppData\Local\Microsoft\WindowsApps;E:\Software\apache-maven-3.5.4\bin
USERNAME=Satyam's-Hub
OS=Windows_NT
PROCESSOR_IDENTIFIER=Intel64 Family 6 Model 58 Stepping 9, GenuineIntel



---------------  S Y S T E M  ---------------

OS: Windows 10.0 , 64 bit Build 17134 (10.0.17134.1)

CPU:total 4 (initial active 4) (2 cores per cpu, 2 threads per core) family 6 model 58 stepping 9, cmov, cx8, fxsr, mmx, sse, sse2, sse3, ssse3, sse4.1, sse4.2, popcnt, avx, clmul, erms, ht, tsc, tscinvbit, tscinv

Memory: 4k page, physical 6157592k(1341004k free), swap 8254744k(2320k free)

vm_info: Java HotSpot(TM) 64-Bit Server VM (25.171-b11) for windows-amd64 JRE (1.8.0_171-b11), built on Mar 28 2018 16:06:12 by "java_re" with MS VC++ 10.0 (VS2010)

time: Sun Aug 05 16:09:58 2018
elapsed time: 9 seconds (0d 0h 0m 9s)

