#
# There is insufficient memory for the Java Runtime Environment to continue.
# Native memory allocation (malloc) failed to allocate 960896 bytes for Chunk::new
# Possible reasons:
#   The system is out of physical RAM or swap space
#   In 32 bit mode, the process size limit was hit
# Possible solutions:
#   Reduce memory load on the system
#   Increase physical memory or swap space
#   Check if swap backing store is full
#   Use 64 bit Java on a 64 bit OS
#   Decrease Java heap size (-Xmx/-Xms)
#   Decrease number of Java threads
#   Decrease Java thread stack sizes (-Xss)
#   Set larger code cache with -XX:ReservedCodeCacheSize=
# This output file may be truncated or incomplete.
#
#  Out of Memory Error (allocation.cpp:390), pid=232, tid=0x00000000000023c0
#
# JRE version: Java(TM) SE Runtime Environment (8.0_171-b11) (build 1.8.0_171-b11)
# Java VM: Java HotSpot(TM) 64-Bit Server VM (25.171-b11 mixed mode windows-amd64 compressed oops)
# Failed to write core dump. Minidumps are not enabled by default on client versions of Windows
#

---------------  T H R E A D  ---------------

Current thread (0x0000000015e70800):  JavaThread "C2 CompilerThread0" daemon [_thread_in_native, id=9152, stack(0x00000000174d0000,0x00000000175d0000)]

Stack: [0x00000000174d0000,0x00000000175d0000]
[error occurred during error reporting (printing stack bounds), id 0xc0000005]

Native frames: (J=compiled Java code, j=interpreted, Vv=VM code, C=native code)


Current CompileTask:
C2:  19507 4264   !   4       com.google.inject.spi.InjectionPoint::getInjectionPoints (489 bytes)


---------------  P R O C E S S  ---------------

Java Threads: ( => current thread )
  0x00000000177f4000 JavaThread "Service Thread" daemon [_thread_blocked, id=14524, stack(0x0000000017bd0000,0x0000000017cd0000)]
  0x0000000015e7a800 JavaThread "C1 CompilerThread2" daemon [_thread_in_native, id=10792, stack(0x00000000176d0000,0x00000000177d0000)]
  0x0000000015e74800 JavaThread "C2 CompilerThread1" daemon [_thread_blocked, id=11972, stack(0x00000000175d0000,0x00000000176d0000)]
=>0x0000000015e70800 JavaThread "C2 CompilerThread0" daemon [_thread_in_native, id=9152, stack(0x00000000174d0000,0x00000000175d0000)]
  0x0000000015e6d000 JavaThread "Attach Listener" daemon [_thread_blocked, id=12952, stack(0x00000000173d0000,0x00000000174d0000)]
  0x0000000015e6b000 JavaThread "Signal Dispatcher" daemon [_thread_blocked, id=8256, stack(0x00000000172d0000,0x00000000173d0000)]
  0x000000000261d800 JavaThread "Finalizer" daemon [_thread_blocked, id=6728, stack(0x00000000170e0000,0x00000000171e0000)]
  0x0000000002612000 JavaThread "Reference Handler" daemon [_thread_blocked, id=14440, stack(0x0000000016fe0000,0x00000000170e0000)]
  0x0000000002522800 JavaThread "main" [_thread_in_native, id=2188, stack(0x00000000023c0000,0x00000000024c0000)]

Other Threads:
  0x0000000015e37800 VMThread [stack: 0x0000000016ee0000,0x0000000016fe0000] [id=5268]
  0x0000000017818000 WatcherThread [stack: 0x0000000017cd0000,0x0000000017dd0000] [id=2220]

VM state:not at safepoint (normal execution)

VM Mutex/Monitor currently owned by a thread: None

Heap:
 PSYoungGen      total 101888K, used 21458K [0x00000000e0b00000, 0x00000000eb780000, 0x0000000100000000)
  eden space 98304K, 18% used [0x00000000e0b00000,0x00000000e1c76a50,0x00000000e6b00000)
  from space 3584K, 99% used [0x00000000e6b00000,0x00000000e6e7de70,0x00000000e6e80000)
  to   space 22528K, 0% used [0x00000000ea180000,0x00000000ea180000,0x00000000eb780000)
 ParOldGen       total 71168K, used 44007K [0x00000000a2000000, 0x00000000a6580000, 0x00000000e0b00000)
  object space 71168K, 61% used [0x00000000a2000000,0x00000000a4af9fe0,0x00000000a6580000)
 Metaspace       used 25353K, capacity 25934K, committed 26112K, reserved 1073152K
  class space    used 3033K, capacity 3218K, committed 3328K, reserved 1048576K

Card table byte_map: [0x00000000119e0000,0x0000000011ce0000] byte_map_base: 0x00000000114d0000

Marking Bits: (ParMarkBitMap*) 0x000000005fd308c0
 Begin Bits: [0x00000000122e0000, 0x0000000013a60000)
 End Bits:   [0x0000000013a60000, 0x00000000151e0000)

Polling page: 0x0000000002360000

CodeCache: size=245760Kb used=13259Kb max_used=13518Kb free=232500Kb
 bounds [0x0000000002620000, 0x0000000003380000, 0x0000000011620000]
 total_blobs=4525 nmethods=4090 adapters=347
 compilation: enabled

Compilation events (10 events):
Event: 19.421 Thread 0x0000000015e74800 nmethod 4340 0x00000000029091d0 code [0x0000000002909320, 0x00000000029093d8]
Event: 19.421 Thread 0x0000000015e74800 4341       4       org.eclipse.sisu.inject.LazyBeanEntry::getSource (8 bytes)
Event: 19.425 Thread 0x0000000015e74800 nmethod 4341 0x0000000002908e50 code [0x0000000002908fa0, 0x0000000002909078]
Event: 19.427 Thread 0x0000000015e7a800 nmethod 4342 0x000000000277c690 code [0x000000000277ca60, 0x000000000277ec48]
Event: 19.427 Thread 0x0000000015e7a800 4344       3       org.eclipse.aether.graph.Dependency$Exclusions::size (6 bytes)
Event: 19.428 Thread 0x0000000015e7a800 nmethod 4344 0x0000000002908b10 code [0x0000000002908c60, 0x0000000002908db0]
Event: 19.428 Thread 0x0000000015e7a800 4345       3       org.eclipse.aether.util.version.GenericVersionScheme::parseVersionConstraint (261 bytes)
Event: 19.437 Thread 0x0000000015e7a800 nmethod 4345 0x00000000028e06d0 code [0x00000000028e0ba0, 0x00000000028e3fd8]
Event: 19.437 Thread 0x0000000015e7a800 4343       3       org.apache.maven.plugin.internal.WagonExcluder::deriveChildSelector (34 bytes)
Event: 19.438 Thread 0x0000000015e7a800 nmethod 4343 0x00000000027ea990 code [0x00000000027eab20, 0x00000000027eaf48]

GC Heap History (10 events):
Event: 9.619 GC heap before
{Heap before GC invocations=4 (full 0):
 PSYoungGen      total 52736K, used 52720K [0x00000000e0b00000, 0x00000000e7200000, 0x0000000100000000)
  eden space 49152K, 100% used [0x00000000e0b00000,0x00000000e3b00000,0x00000000e3b00000)
  from space 3584K, 99% used [0x00000000e3b00000,0x00000000e3e7c030,0x00000000e3e80000)
  to   space 3584K, 0% used [0x00000000e6e80000,0x00000000e6e80000,0x00000000e7200000)
 ParOldGen       total 64512K, used 8975K [0x00000000a2000000, 0x00000000a5f00000, 0x00000000e0b00000)
  object space 64512K, 13% used [0x00000000a2000000,0x00000000a28c3cc0,0x00000000a5f00000)
 Metaspace       used 15427K, capacity 15630K, committed 15872K, reserved 1062912K
  class space    used 1867K, capacity 1973K, committed 2048K, reserved 1048576K
Event: 9.658 GC heap after
Heap after GC invocations=4 (full 0):
 PSYoungGen      total 101888K, used 3584K [0x00000000e0b00000, 0x00000000e7200000, 0x0000000100000000)
  eden space 98304K, 0% used [0x00000000e0b00000,0x00000000e0b00000,0x00000000e6b00000)
  from space 3584K, 100% used [0x00000000e6e80000,0x00000000e7200000,0x00000000e7200000)
  to   space 3584K, 0% used [0x00000000e6b00000,0x00000000e6b00000,0x00000000e6e80000)
 ParOldGen       total 64512K, used 15156K [0x00000000a2000000, 0x00000000a5f00000, 0x00000000e0b00000)
  object space 64512K, 23% used [0x00000000a2000000,0x00000000a2ecd128,0x00000000a5f00000)
 Metaspace       used 15427K, capacity 15630K, committed 15872K, reserved 1062912K
  class space    used 1867K, capacity 1973K, committed 2048K, reserved 1048576K
}
Event: 12.526 GC heap before
{Heap before GC invocations=5 (full 0):
 PSYoungGen      total 101888K, used 101888K [0x00000000e0b00000, 0x00000000e7200000, 0x0000000100000000)
  eden space 98304K, 100% used [0x00000000e0b00000,0x00000000e6b00000,0x00000000e6b00000)
  from space 3584K, 100% used [0x00000000e6e80000,0x00000000e7200000,0x00000000e7200000)
  to   space 3584K, 0% used [0x00000000e6b00000,0x00000000e6b00000,0x00000000e6e80000)
 ParOldGen       total 64512K, used 15156K [0x00000000a2000000, 0x00000000a5f00000, 0x00000000e0b00000)
  object space 64512K, 23% used [0x00000000a2000000,0x00000000a2ecd128,0x00000000a5f00000)
 Metaspace       used 17109K, capacity 17562K, committed 17792K, reserved 1064960K
  class space    used 2020K, capacity 2159K, committed 2176K, reserved 1048576K
Event: 12.557 GC heap after
Heap after GC invocations=5 (full 0):
 PSYoungGen      total 101888K, used 3552K [0x00000000e0b00000, 0x00000000e7200000, 0x0000000100000000)
  eden space 98304K, 0% used [0x00000000e0b00000,0x00000000e0b00000,0x00000000e6b00000)
  from space 3584K, 99% used [0x00000000e6b00000,0x00000000e6e78020,0x00000000e6e80000)
  to   space 3584K, 0% used [0x00000000e6e80000,0x00000000e6e80000,0x00000000e7200000)
 ParOldGen       total 64512K, used 22753K [0x00000000a2000000, 0x00000000a5f00000, 0x00000000e0b00000)
  object space 64512K, 35% used [0x00000000a2000000,0x00000000a3638488,0x00000000a5f00000)
 Metaspace       used 17109K, capacity 17562K, committed 17792K, reserved 1064960K
  class space    used 2020K, capacity 2159K, committed 2176K, reserved 1048576K
}
Event: 13.282 GC heap before
{Heap before GC invocations=6 (full 0):
 PSYoungGen      total 101888K, used 23318K [0x00000000e0b00000, 0x00000000e7200000, 0x0000000100000000)
  eden space 98304K, 20% used [0x00000000e0b00000,0x00000000e1e4d830,0x00000000e6b00000)
  from space 3584K, 99% used [0x00000000e6b00000,0x00000000e6e78020,0x00000000e6e80000)
  to   space 3584K, 0% used [0x00000000e6e80000,0x00000000e6e80000,0x00000000e7200000)
 ParOldGen       total 64512K, used 22753K [0x00000000a2000000, 0x00000000a5f00000, 0x00000000e0b00000)
  object space 64512K, 35% used [0x00000000a2000000,0x00000000a3638488,0x00000000a5f00000)
 Metaspace       used 20640K, capacity 21158K, committed 21296K, reserved 1069056K
  class space    used 2499K, capacity 2655K, committed 2688K, reserved 1048576K
Event: 13.301 GC heap after
Heap after GC invocations=6 (full 0):
 PSYoungGen      total 101888K, used 3552K [0x00000000e0b00000, 0x00000000e7200000, 0x0000000100000000)
  eden space 98304K, 0% used [0x00000000e0b00000,0x00000000e0b00000,0x00000000e6b00000)
  from space 3584K, 99% used [0x00000000e6e80000,0x00000000e71f8020,0x00000000e7200000)
  to   space 3584K, 0% used [0x00000000e6b00000,0x00000000e6b00000,0x00000000e6e80000)
 ParOldGen       total 64512K, used 24805K [0x00000000a2000000, 0x00000000a5f00000, 0x00000000e0b00000)
  object space 64512K, 38% used [0x00000000a2000000,0x00000000a38395d0,0x00000000a5f00000)
 Metaspace       used 20640K, capacity 21158K, committed 21296K, reserved 1069056K
  class space    used 2499K, capacity 2655K, committed 2688K, reserved 1048576K
}
Event: 13.301 GC heap before
{Heap before GC invocations=7 (full 1):
 PSYoungGen      total 101888K, used 3552K [0x00000000e0b00000, 0x00000000e7200000, 0x0000000100000000)
  eden space 98304K, 0% used [0x00000000e0b00000,0x00000000e0b00000,0x00000000e6b00000)
  from space 3584K, 99% used [0x00000000e6e80000,0x00000000e71f8020,0x00000000e7200000)
  to   space 3584K, 0% used [0x00000000e6b00000,0x00000000e6b00000,0x00000000e6e80000)
 ParOldGen       total 64512K, used 24805K [0x00000000a2000000, 0x00000000a5f00000, 0x00000000e0b00000)
  object space 64512K, 38% used [0x00000000a2000000,0x00000000a38395d0,0x00000000a5f00000)
 Metaspace       used 20640K, capacity 21158K, committed 21296K, reserved 1069056K
  class space    used 2499K, capacity 2655K, committed 2688K, reserved 1048576K
Event: 13.695 GC heap after
Heap after GC invocations=7 (full 1):
 PSYoungGen      total 101888K, used 0K [0x00000000e0b00000, 0x00000000e7200000, 0x0000000100000000)
  eden space 98304K, 0% used [0x00000000e0b00000,0x00000000e0b00000,0x00000000e6b00000)
  from space 3584K, 0% used [0x00000000e6e80000,0x00000000e6e80000,0x00000000e7200000)
  to   space 3584K, 0% used [0x00000000e6b00000,0x00000000e6b00000,0x00000000e6e80000)
 ParOldGen       total 71168K, used 20218K [0x00000000a2000000, 0x00000000a6580000, 0x00000000e0b00000)
  object space 71168K, 28% used [0x00000000a2000000,0x00000000a33be8e0,0x00000000a6580000)
 Metaspace       used 20640K, capacity 21158K, committed 21296K, reserved 1069056K
  class space    used 2499K, capacity 2655K, committed 2688K, reserved 1048576K
}
Event: 19.166 GC heap before
{Heap before GC invocations=8 (full 1):
 PSYoungGen      total 101888K, used 98304K [0x00000000e0b00000, 0x00000000e7200000, 0x0000000100000000)
  eden space 98304K, 100% used [0x00000000e0b00000,0x00000000e6b00000,0x00000000e6b00000)
  from space 3584K, 0% used [0x00000000e6e80000,0x00000000e6e80000,0x00000000e7200000)
  to   space 3584K, 0% used [0x00000000e6b00000,0x00000000e6b00000,0x00000000e6e80000)
 ParOldGen       total 71168K, used 20218K [0x00000000a2000000, 0x00000000a6580000, 0x00000000e0b00000)
  object space 71168K, 28% used [0x00000000a2000000,0x00000000a33be8e0,0x00000000a6580000)
 Metaspace       used 25210K, capacity 25806K, committed 26112K, reserved 1073152K
  class space    used 3016K, capacity 3218K, committed 3328K, reserved 1048576K
Event: 19.251 GC heap after
Heap after GC invocations=8 (full 1):
 PSYoungGen      total 101888K, used 3575K [0x00000000e0b00000, 0x00000000eb780000, 0x0000000100000000)
  eden space 98304K, 0% used [0x00000000e0b00000,0x00000000e0b00000,0x00000000e6b00000)
  from space 3584K, 99% used [0x00000000e6b00000,0x00000000e6e7de70,0x00000000e6e80000)
  to   space 22528K, 0% used [0x00000000ea180000,0x00000000ea180000,0x00000000eb780000)
 ParOldGen       total 71168K, used 44007K [0x00000000a2000000, 0x00000000a6580000, 0x00000000e0b00000)
  object space 71168K, 61% used [0x00000000a2000000,0x00000000a4af9fe0,0x00000000a6580000)
 Metaspace       used 25210K, capacity 25806K, committed 26112K, reserved 1073152K
  class space    used 3016K, capacity 3218K, committed 3328K, reserved 1048576K
}

Deoptimization events (10 events):
Event: 17.674 Thread 0x0000000002522800 Uncommon trap: reason=array_check action=maybe_recompile pc=0x000000000335af10 method=java.util.TimSort.binarySort([Ljava/lang/Object;IIILjava/util/Comparator;)V @ 183
Event: 17.730 Thread 0x0000000002522800 Uncommon trap: reason=unstable_if action=reinterpret pc=0x0000000002b10524 method=com.google.inject.internal.MoreTypes.canonicalize(Ljava/lang/reflect/Type;)Ljava/lang/reflect/Type; @ 16
Event: 17.730 Thread 0x0000000002522800 Uncommon trap: reason=class_check action=maybe_recompile pc=0x0000000002aefcec method=com.google.inject.internal.MoreTypes.getRawType(Ljava/lang/reflect/Type;)Ljava/lang/Class; @ 13
Event: 17.732 Thread 0x0000000002522800 Uncommon trap: reason=unstable_if action=reinterpret pc=0x0000000002af590c method=com.google.inject.internal.MoreTypes.canonicalize(Ljava/lang/reflect/Type;)Ljava/lang/reflect/Type; @ 16
Event: 17.732 Thread 0x0000000002522800 Uncommon trap: reason=class_check action=maybe_recompile pc=0x0000000002aefcec method=com.google.inject.internal.MoreTypes.getRawType(Ljava/lang/reflect/Type;)Ljava/lang/Class; @ 13
Event: 17.733 Thread 0x0000000002522800 Uncommon trap: reason=class_check action=maybe_recompile pc=0x0000000002aefcec method=com.google.inject.internal.MoreTypes.getRawType(Ljava/lang/reflect/Type;)Ljava/lang/Class; @ 13
Event: 17.782 Thread 0x0000000002522800 Uncommon trap: reason=class_check action=maybe_recompile pc=0x0000000002aefcec method=com.google.inject.internal.MoreTypes.getRawType(Ljava/lang/reflect/Type;)Ljava/lang/Class; @ 13
Event: 18.232 Thread 0x0000000002522800 Uncommon trap: reason=unstable_if action=reinterpret pc=0x000000000334544c method=org.codehaus.plexus.util.xml.pull.MXParser.parseAttribute()C @ 1002
Event: 18.945 Thread 0x0000000002522800 Uncommon trap: reason=unstable_if action=reinterpret pc=0x0000000003102a5c method=java.util.StringTokenizer.setMaxDelimCodePoint()V @ 71
Event: 19.415 Thread 0x0000000002522800 Uncommon trap: reason=unstable_if action=reinterpret pc=0x0000000003333b94 method=org.eclipse.sisu.plexus.RealmFilteredBeans$FilteredItr.hasNext()Z @ 57

Classes redefined (0 events):
No events

Internal exceptions (10 events):
Event: 6.050 Thread 0x0000000002522800 Exception <a 'java/lang/NullPointerException'> (0x00000000e276d040) thrown at [C:\re\workspace\8-2-build-windows-amd64-cygwin\jdk8u171\10807\hotspot\src\share\vm\interpreter\linkResolver.cpp, line 1185]
Event: 6.176 Thread 0x0000000002522800 Implicit null exception at 0x00000000028da856 to 0x00000000028dabf1
Event: 6.176 Thread 0x0000000002522800 Implicit null exception at 0x0000000002820996 to 0x0000000002820d2d
Event: 8.987 Thread 0x0000000002522800 Implicit null exception at 0x00000000029e8915 to 0x00000000029e8ae5
Event: 8.987 Thread 0x0000000002522800 Implicit null exception at 0x0000000002887b2f to 0x0000000002887b99
Event: 10.225 Thread 0x0000000002522800 Implicit null exception at 0x0000000002dfe55f to 0x0000000002dff855
Event: 12.945 Thread 0x0000000002522800 Exception <a 'java/lang/ClassNotFoundException': com/sun/tools/javac/api/JavacTool> (0x00000000e1297a18) thrown at [C:\re\workspace\8-2-build-windows-amd64-cygwin\jdk8u171\10807\hotspot\src\share\vm\classfile\systemDictionary.cpp, line 210]
Event: 14.717 Thread 0x0000000002522800 Exception <a 'java/io/FileNotFoundException'> (0x00000000e158a6e8) thrown at [C:\re\workspace\8-2-build-windows-amd64-cygwin\jdk8u171\10807\hotspot\src\share\vm\prims\jni.cpp, line 709]
Event: 14.733 Thread 0x0000000002522800 Exception <a 'java/io/FileNotFoundException'> (0x00000000e15bf230) thrown at [C:\re\workspace\8-2-build-windows-amd64-cygwin\jdk8u171\10807\hotspot\src\share\vm\prims\jni.cpp, line 709]
Event: 17.805 Thread 0x0000000002522800 Exception <a 'java/lang/NoSuchMethodError': org.apache.maven.execution.MavenExecutionRequest.getFailureBehavior()Ljava/lang/String;> (0x00000000e48558d8) thrown at [C:\re\workspace\8-2-build-windows-amd64-cygwin\jdk8u171\10807\hotspot\src\share\vm\interpr

Events (10 events):
Event: 19.414 loading class org/apache/maven/artifact/handler/DefaultArtifactHandler done
Event: 19.414 loading class org/apache/maven/artifact/handler/DefaultArtifactHandler
Event: 19.414 loading class org/apache/maven/artifact/handler/DefaultArtifactHandler done
Event: 19.414 loading class org/apache/maven/artifact/handler/DefaultArtifactHandler
Event: 19.414 loading class org/apache/maven/artifact/handler/DefaultArtifactHandler done
Event: 19.414 loading class org/apache/maven/artifact/handler/DefaultArtifactHandler
Event: 19.414 loading class org/apache/maven/artifact/handler/DefaultArtifactHandler done
Event: 19.415 Thread 0x0000000002522800 Uncommon trap: trap_request=0xffffff65 fr.pc=0x0000000003333b94
Event: 19.415 Thread 0x0000000002522800 DEOPT PACKING pc=0x0000000003333b94 sp=0x00000000024bd730
Event: 19.415 Thread 0x0000000002522800 DEOPT UNPACKING pc=0x000000000266583b sp=0x00000000024bd6d8 mode 2


Dynamic libraries:
0x00007ff6eae10000 - 0x00007ff6eae47000 	C:\Program Files\Java\jdk1.8.0_171\bin\java.exe
0x00007ff8da010000 - 0x00007ff8da1f1000 	C:\WINDOWS\SYSTEM32\ntdll.dll
0x00007ff8d1d30000 - 0x00007ff8d1d64000 	C:\Program Files\AVAST Software\Avast\x64\aswhooka.dll
0x00007ff8d9900000 - 0x00007ff8d99b2000 	C:\WINDOWS\System32\KERNEL32.DLL
0x00007ff8d6860000 - 0x00007ff8d6ad3000 	C:\WINDOWS\System32\KERNELBASE.dll
0x00007ff8d78e0000 - 0x00007ff8d7981000 	C:\WINDOWS\System32\ADVAPI32.dll
0x00007ff8d9df0000 - 0x00007ff8d9e8e000 	C:\WINDOWS\System32\msvcrt.dll
0x00007ff8d9d90000 - 0x00007ff8d9deb000 	C:\WINDOWS\System32\sechost.dll
0x00007ff8d9e90000 - 0x00007ff8d9fb4000 	C:\WINDOWS\System32\RPCRT4.dll
0x00007ff8d8320000 - 0x00007ff8d84b0000 	C:\WINDOWS\System32\USER32.dll
0x00007ff8d6840000 - 0x00007ff8d6860000 	C:\WINDOWS\System32\win32u.dll
0x00007ff8d78b0000 - 0x00007ff8d78d8000 	C:\WINDOWS\System32\GDI32.dll
0x00007ff8d6ae0000 - 0x00007ff8d6c72000 	C:\WINDOWS\System32\gdi32full.dll
0x00007ff8d63e0000 - 0x00007ff8d647f000 	C:\WINDOWS\System32\msvcp_win.dll
0x00007ff8d6670000 - 0x00007ff8d676a000 	C:\WINDOWS\System32\ucrtbase.dll
0x00007ff8cb0e0000 - 0x00007ff8cb349000 	C:\WINDOWS\WinSxS\amd64_microsoft.windows.common-controls_6595b64144ccf1df_6.0.17134.165_none_fb429645306569ac\COMCTL32.dll
0x00007ff8d74a0000 - 0x00007ff8d77c3000 	C:\WINDOWS\System32\combase.dll
0x00007ff8d67c0000 - 0x00007ff8d683a000 	C:\WINDOWS\System32\bcryptPrimitives.dll
0x00007ff8d7990000 - 0x00007ff8d79bd000 	C:\WINDOWS\System32\IMM32.DLL
0x000000005fdb0000 - 0x000000005fe82000 	C:\Program Files\Java\jdk1.8.0_171\jre\bin\msvcr100.dll
0x000000005f510000 - 0x000000005fdb0000 	C:\Program Files\Java\jdk1.8.0_171\jre\bin\server\jvm.dll
0x00007ff8d78a0000 - 0x00007ff8d78a8000 	C:\WINDOWS\System32\PSAPI.DLL
0x00007ff8c8920000 - 0x00007ff8c8929000 	C:\WINDOWS\SYSTEM32\WSOCK32.dll
0x00007ff8d77d0000 - 0x00007ff8d783c000 	C:\WINDOWS\System32\WS2_32.dll
0x00007ff8d36f0000 - 0x00007ff8d3713000 	C:\WINDOWS\SYSTEM32\WINMM.dll
0x00007ff8ca3a0000 - 0x00007ff8ca3aa000 	C:\WINDOWS\SYSTEM32\VERSION.dll
0x00007ff8d36c0000 - 0x00007ff8d36ea000 	C:\WINDOWS\SYSTEM32\WINMMBASE.dll
0x00007ff8d6770000 - 0x00007ff8d67b9000 	C:\WINDOWS\System32\cfgmgr32.dll
0x000000005f500000 - 0x000000005f50f000 	C:\Program Files\Java\jdk1.8.0_171\jre\bin\verify.dll
0x000000005f4d0000 - 0x000000005f4f9000 	C:\Program Files\Java\jdk1.8.0_171\jre\bin\java.dll
0x000000005f4b0000 - 0x000000005f4c6000 	C:\Program Files\Java\jdk1.8.0_171\jre\bin\zip.dll
0x00007ff8d84c0000 - 0x00007ff8d9900000 	C:\WINDOWS\System32\SHELL32.dll
0x00007ff8d7bc0000 - 0x00007ff8d7c69000 	C:\WINDOWS\System32\shcore.dll
0x00007ff8d6d30000 - 0x00007ff8d743d000 	C:\WINDOWS\System32\windows.storage.dll
0x00007ff8d7cf0000 - 0x00007ff8d7d41000 	C:\WINDOWS\System32\shlwapi.dll
0x00007ff8d6340000 - 0x00007ff8d6351000 	C:\WINDOWS\System32\kernel.appcore.dll
0x00007ff8d6320000 - 0x00007ff8d633f000 	C:\WINDOWS\System32\profapi.dll
0x00007ff8d6390000 - 0x00007ff8d63dc000 	C:\WINDOWS\System32\powrprof.dll
0x00007ff8d6360000 - 0x00007ff8d636a000 	C:\WINDOWS\System32\FLTLIB.DLL
0x00007ff8ccb30000 - 0x00007ff8ccb3a000 	E:\Software\apache-maven-3.5.4\lib\jansi-native\windows64\jansi.dll
0x000000005f480000 - 0x000000005f49a000 	C:\Program Files\Java\jdk1.8.0_171\jre\bin\net.dll
0x00007ff8d57e0000 - 0x00007ff8d5846000 	C:\WINDOWS\system32\mswsock.dll
0x000000005f460000 - 0x000000005f471000 	C:\Program Files\Java\jdk1.8.0_171\jre\bin\nio.dll
0x000000005f4a0000 - 0x000000005f4ad000 	C:\Program Files\Java\jdk1.8.0_171\jre\bin\management.dll
0x00007ff8c1ea0000 - 0x00007ff8c1eb6000 	C:\WINDOWS\system32\napinsp.dll
0x00007ff8c1e80000 - 0x00007ff8c1e9a000 	C:\WINDOWS\system32\pnrpnsp.dll
0x00007ff8d2230000 - 0x00007ff8d2249000 	C:\WINDOWS\system32\NLAapi.dll
0x00007ff8d55a0000 - 0x00007ff8d565e000 	C:\WINDOWS\SYSTEM32\DNSAPI.dll
0x00007ff8d79c0000 - 0x00007ff8d79c8000 	C:\WINDOWS\System32\NSI.dll
0x00007ff8d5560000 - 0x00007ff8d5598000 	C:\WINDOWS\SYSTEM32\IPHLPAPI.DLL
0x00007ff8c7fa0000 - 0x00007ff8c7fae000 	C:\WINDOWS\System32\winrnr.dll
0x00007ff8cae40000 - 0x00007ff8cae4a000 	C:\Windows\System32\rasadhlp.dll
0x00007ff8cb350000 - 0x00007ff8cb3c2000 	C:\WINDOWS\System32\fwpuclnt.dll
0x00007ff8d5c50000 - 0x00007ff8d5c75000 	C:\WINDOWS\SYSTEM32\bcrypt.dll

VM Arguments:
jvm_args: -Dclassworlds.conf=E:\Software\apache-maven-3.5.4\bin\..\bin\m2.conf -Dmaven.home=E:\Software\apache-maven-3.5.4\bin\.. -Dlibrary.jansi.path=E:\Software\apache-maven-3.5.4\bin\..\lib\jansi-native -Dmaven.multiModuleProjectDirectory=E:\Baeldung 
java_command: org.codehaus.plexus.classworlds.launcher.Launcher clean install
java_class_path (initial): E:\Software\apache-maven-3.5.4\bin\..\boot\plexus-classworlds-2.5.2.jar
Launcher Type: SUN_STANDARD

Environment Variables:
JAVA_HOME=C:\Program Files\Java\jdk1.8.0_171
CLASSPATH=.;C:\Program Files (x86)\Java\jre6\lib\ext\QTJava.zip
PATH=C:\Program Files (x86)\Common Files\Oracle\Java\javapath;E:\apache-ant-1.8.2\bin;C:\oraclexe\app\oracle\product\10.2.0\server\bin;c:\Program Files (x86)\AMD APP\bin\x86_64;c:\Program Files (x86)\AMD APP\bin\x86;c:\Program Files (x86)\Intel\iCLS Client\;c:\Program Files\Intel\iCLS Client\;C:\WINDOWS\system32;C:\WINDOWS;C:\WINDOWS\System32\Wbem;C:\WINDOWS\System32\WindowsPowerShell\v1.0\;C:\Program Files\Intel\Intel(R) Management Engine Components\DAL;C:\Program Files\Intel\Intel(R) Management Engine Components\IPT;C:\Program Files (x86)\Intel\Intel(R) Management Engine Components\DAL;C:\Program Files (x86)\Intel\Intel(R) Management Engine Components\IPT;c:\Program Files (x86)\ATI Technologies\ATI.ACE\Core-Static;C:\Program Files (x86)\Windows Live\Shared;E:\Java\jdk1.6.0_17\jre\bin;C:\Program Files (x86)\ATI Technologies\ATI.ACE\Core-Static;C:\Program Files (x86)\QuickTime\QTSystem\;C:\Program Files (x86)\Skype\Phone\;C:\WINDOWS\System32\OpenSSH\;E:\Dimenstionsetup\Accessories\;C:\Program Files (x86)\Common Files\IBM\SPSS\DataCollection\6\DMOM\;C:\Program Files\Java\jdk1.8.0_171\bin;;C:\Users\Satyam Tyagi\AppData\Local\Microsoft\WindowsApps;E:\Software\apache-maven-3.5.4\bin
USERNAME=Satyam's-Hub
OS=Windows_NT
PROCESSOR_IDENTIFIER=Intel64 Family 6 Model 58 Stepping 9, GenuineIntel



---------------  S Y S T E M  ---------------

OS: Windows 10.0 , 64 bit Build 17134 (10.0.17134.1)

CPU:total 4 (initial active 4) (2 cores per cpu, 2 threads per core) family 6 model 58 stepping 9, cmov, cx8, fxsr, mmx, sse, sse2, sse3, ssse3, sse4.1, sse4.2, popcnt, avx, clmul, erms, ht, tsc, tscinvbit, tscinv

Memory: 4k page, physical 6157592k(1196752k free), swap 8254744k(4400k free)

vm_info: Java HotSpot(TM) 64-Bit Server VM (25.171-b11) for windows-amd64 JRE (1.8.0_171-b11), built on Mar 28 2018 16:06:12 by "java_re" with MS VC++ 10.0 (VS2010)

time: Sun Aug 05 15:17:21 2018
elapsed time: 19 seconds (0d 0h 0m 19s)

