#
# There is insufficient memory for the Java Runtime Environment to continue.
# Native memory allocation (malloc) failed to allocate 1746096 bytes for Chunk::new
# Possible reasons:
#   The system is out of physical RAM or swap space
#   In 32 bit mode, the process size limit was hit
# Possible solutions:
#   Reduce memory load on the system
#   Increase physical memory or swap space
#   Check if swap backing store is full
#   Use 64 bit Java on a 64 bit OS
#   Decrease Java heap size (-Xmx/-Xms)
#   Decrease number of Java threads
#   Decrease Java thread stack sizes (-Xss)
#   Set larger code cache with -XX:ReservedCodeCacheSize=
# This output file may be truncated or incomplete.
#
#  Out of Memory Error (allocation.cpp:390), pid=12660, tid=0x0000000000002cec
#
# JRE version: Java(TM) SE Runtime Environment (8.0_171-b11) (build 1.8.0_171-b11)
# Java VM: Java HotSpot(TM) 64-Bit Server VM (25.171-b11 mixed mode windows-amd64 compressed oops)
# Failed to write core dump. Minidumps are not enabled by default on client versions of Windows
#

---------------  T H R E A D  ---------------

Current thread (0x0000000016895800):  JavaThread "C2 CompilerThread1" daemon [_thread_in_native, id=11500, stack(0x0000000017fe0000,0x00000000180e0000)]

Stack: [0x0000000017fe0000,0x00000000180e0000]
[error occurred during error reporting (printing stack bounds), id 0xc0000005]

Native frames: (J=compiled Java code, j=interpreted, Vv=VM code, C=native code)


Current CompileTask:
C2:  14285 3335       4       java.net.URLClassLoader$1::run (5 bytes)


---------------  P R O C E S S  ---------------

Java Threads: ( => current thread )
  0x00000000168ee800 JavaThread "Service Thread" daemon [_thread_blocked, id=7980, stack(0x00000000185e0000,0x00000000186e0000)]
  0x000000001689d000 JavaThread "C1 CompilerThread2" daemon [_thread_blocked, id=8448, stack(0x00000000180e0000,0x00000000181e0000)]
=>0x0000000016895800 JavaThread "C2 CompilerThread1" daemon [_thread_in_native, id=11500, stack(0x0000000017fe0000,0x00000000180e0000)]
  0x0000000016891800 JavaThread "C2 CompilerThread0" daemon [_thread_in_native, id=9228, stack(0x0000000017ee0000,0x0000000017fe0000)]
  0x000000001688e000 JavaThread "Attach Listener" daemon [_thread_blocked, id=10024, stack(0x0000000017de0000,0x0000000017ee0000)]
  0x000000001688c000 JavaThread "Signal Dispatcher" daemon [_thread_blocked, id=13188, stack(0x0000000017ce0000,0x0000000017de0000)]
  0x000000000303d800 JavaThread "Finalizer" daemon [_thread_blocked, id=14992, stack(0x0000000017af0000,0x0000000017bf0000)]
  0x0000000003031800 JavaThread "Reference Handler" daemon [_thread_blocked, id=14548, stack(0x00000000179f0000,0x0000000017af0000)]
  0x0000000002f42800 JavaThread "main" [_thread_in_native, id=7672, stack(0x0000000002e20000,0x0000000002f20000)]

Other Threads:
  0x0000000016857800 VMThread [stack: 0x00000000178f0000,0x00000000179f0000] [id=2352]
  0x0000000018228000 WatcherThread [stack: 0x00000000186e0000,0x00000000187e0000] [id=5500]

VM state:not at safepoint (normal execution)

VM Mutex/Monitor currently owned by a thread: None

Heap:
 PSYoungGen      total 101888K, used 9527K [0x00000000e0b00000, 0x00000000e7200000, 0x0000000100000000)
  eden space 98304K, 9% used [0x00000000e0b00000,0x00000000e144dcd8,0x00000000e6b00000)
  from space 3584K, 0% used [0x00000000e6e80000,0x00000000e6e80000,0x00000000e7200000)
  to   space 3584K, 0% used [0x00000000e6b00000,0x00000000e6b00000,0x00000000e6e80000)
 ParOldGen       total 66048K, used 20231K [0x00000000a2000000, 0x00000000a6080000, 0x00000000e0b00000)
  object space 66048K, 30% used [0x00000000a2000000,0x00000000a33c1fd8,0x00000000a6080000)
 Metaspace       used 21573K, capacity 22150K, committed 22448K, reserved 1069056K
  class space    used 2594K, capacity 2751K, committed 2816K, reserved 1048576K

Card table byte_map: [0x0000000012400000,0x0000000012700000] byte_map_base: 0x0000000011ef0000

Marking Bits: (ParMarkBitMap*) 0x000000005fd308c0
 Begin Bits: [0x0000000012d00000, 0x0000000014480000)
 End Bits:   [0x0000000014480000, 0x0000000015c00000)

Polling page: 0x00000000013d0000

CodeCache: size=245760Kb used=11728Kb max_used=11728Kb free=234031Kb
 bounds [0x0000000003040000, 0x0000000003bc0000, 0x0000000012040000]
 total_blobs=3808 nmethods=3406 adapters=314
 compilation: enabled

Compilation events (10 events):
Event: 14.188 Thread 0x000000001689d000 3453       3       com.sun.tools.javac.file.ZipFileIndex$Entry::compareTo (9 bytes)
Event: 14.188 Thread 0x000000001689d000 nmethod 3453 0x0000000003bbc050 code [0x0000000003bbc1c0, 0x0000000003bbc428]
Event: 14.188 Thread 0x000000001689d000 3455       3       com.sun.tools.javac.file.RelativePath::compareTo (12 bytes)
Event: 14.188 Thread 0x000000001689d000 nmethod 3455 0x0000000003bbc4d0 code [0x0000000003bbc640, 0x0000000003bbc868]
Event: 14.212 Thread 0x000000001689d000 3456       3       org.fusesource.jansi.FilterPrintStream::write (17 bytes)
Event: 14.212 Thread 0x000000001689d000 nmethod 3456 0x0000000003bbc950 code [0x0000000003bbcac0, 0x0000000003bbcdd8]
Event: 14.212 Thread 0x000000001689d000 3457   !   3       java.io.PrintStream::write (66 bytes)
Event: 14.213 Thread 0x000000001689d000 nmethod 3457 0x0000000003bbced0 code [0x0000000003bbd0a0, 0x0000000003bbd858]
Event: 14.213 Thread 0x000000001689d000 3458  s    3       java.io.BufferedOutputStream::write (35 bytes)
Event: 14.214 Thread 0x000000001689d000 nmethod 3458 0x0000000003bbdc10 code [0x0000000003bbdda0, 0x0000000003bbe268]

GC Heap History (10 events):
Event: 7.857 GC heap before
{Heap before GC invocations=3 (full 0):
 PSYoungGen      total 52736K, used 52706K [0x00000000e0b00000, 0x00000000e4200000, 0x0000000100000000)
  eden space 49152K, 100% used [0x00000000e0b00000,0x00000000e3b00000,0x00000000e3b00000)
  from space 3584K, 99% used [0x00000000e3e80000,0x00000000e41f8a00,0x00000000e4200000)
  to   space 3584K, 0% used [0x00000000e3b00000,0x00000000e3b00000,0x00000000e3e80000)
 ParOldGen       total 64512K, used 2523K [0x00000000a2000000, 0x00000000a5f00000, 0x00000000e0b00000)
  object space 64512K, 3% used [0x00000000a2000000,0x00000000a2276d90,0x00000000a5f00000)
 Metaspace       used 14869K, capacity 15080K, committed 15360K, reserved 1062912K
  class space    used 1834K, capacity 1940K, committed 2048K, reserved 1048576K
Event: 7.902 GC heap after
Heap after GC invocations=3 (full 0):
 PSYoungGen      total 52736K, used 3552K [0x00000000e0b00000, 0x00000000e7200000, 0x0000000100000000)
  eden space 49152K, 0% used [0x00000000e0b00000,0x00000000e0b00000,0x00000000e3b00000)
  from space 3584K, 99% used [0x00000000e3b00000,0x00000000e3e78020,0x00000000e3e80000)
  to   space 3584K, 0% used [0x00000000e6e80000,0x00000000e6e80000,0x00000000e7200000)
 ParOldGen       total 64512K, used 9157K [0x00000000a2000000, 0x00000000a5f00000, 0x00000000e0b00000)
  object space 64512K, 14% used [0x00000000a2000000,0x00000000a28f16c0,0x00000000a5f00000)
 Metaspace       used 14869K, capacity 15080K, committed 15360K, reserved 1062912K
  class space    used 1834K, capacity 1940K, committed 2048K, reserved 1048576K
}
Event: 9.539 GC heap before
{Heap before GC invocations=4 (full 0):
 PSYoungGen      total 52736K, used 52704K [0x00000000e0b00000, 0x00000000e7200000, 0x0000000100000000)
  eden space 49152K, 100% used [0x00000000e0b00000,0x00000000e3b00000,0x00000000e3b00000)
  from space 3584K, 99% used [0x00000000e3b00000,0x00000000e3e78020,0x00000000e3e80000)
  to   space 3584K, 0% used [0x00000000e6e80000,0x00000000e6e80000,0x00000000e7200000)
 ParOldGen       total 64512K, used 9157K [0x00000000a2000000, 0x00000000a5f00000, 0x00000000e0b00000)
  object space 64512K, 14% used [0x00000000a2000000,0x00000000a28f16c0,0x00000000a5f00000)
 Metaspace       used 15424K, capacity 15630K, committed 15872K, reserved 1062912K
  class space    used 1868K, capacity 1973K, committed 2048K, reserved 1048576K
Event: 9.591 GC heap after
Heap after GC invocations=4 (full 0):
 PSYoungGen      total 101888K, used 3552K [0x00000000e0b00000, 0x00000000e7200000, 0x0000000100000000)
  eden space 98304K, 0% used [0x00000000e0b00000,0x00000000e0b00000,0x00000000e6b00000)
  from space 3584K, 99% used [0x00000000e6e80000,0x00000000e71f8020,0x00000000e7200000)
  to   space 3584K, 0% used [0x00000000e6b00000,0x00000000e6b00000,0x00000000e6e80000)
 ParOldGen       total 64512K, used 15447K [0x00000000a2000000, 0x00000000a5f00000, 0x00000000e0b00000)
  object space 64512K, 23% used [0x00000000a2000000,0x00000000a2f15c48,0x00000000a5f00000)
 Metaspace       used 15424K, capacity 15630K, committed 15872K, reserved 1062912K
  class space    used 1868K, capacity 1973K, committed 2048K, reserved 1048576K
}
Event: 12.581 GC heap before
{Heap before GC invocations=5 (full 0):
 PSYoungGen      total 101888K, used 101856K [0x00000000e0b00000, 0x00000000e7200000, 0x0000000100000000)
  eden space 98304K, 100% used [0x00000000e0b00000,0x00000000e6b00000,0x00000000e6b00000)
  from space 3584K, 99% used [0x00000000e6e80000,0x00000000e71f8020,0x00000000e7200000)
  to   space 3584K, 0% used [0x00000000e6b00000,0x00000000e6b00000,0x00000000e6e80000)
 ParOldGen       total 64512K, used 15447K [0x00000000a2000000, 0x00000000a5f00000, 0x00000000e0b00000)
  object space 64512K, 23% used [0x00000000a2000000,0x00000000a2f15c48,0x00000000a5f00000)
 Metaspace       used 17125K, capacity 17562K, committed 17792K, reserved 1064960K
  class space    used 2021K, capacity 2159K, committed 2176K, reserved 1048576K
Event: 12.607 GC heap after
Heap after GC invocations=5 (full 0):
 PSYoungGen      total 101888K, used 3552K [0x00000000e0b00000, 0x00000000e7200000, 0x0000000100000000)
  eden space 98304K, 0% used [0x00000000e0b00000,0x00000000e0b00000,0x00000000e6b00000)
  from space 3584K, 99% used [0x00000000e6b00000,0x00000000e6e78020,0x00000000e6e80000)
  to   space 3584K, 0% used [0x00000000e6e80000,0x00000000e6e80000,0x00000000e7200000)
 ParOldGen       total 64512K, used 22815K [0x00000000a2000000, 0x00000000a5f00000, 0x00000000e0b00000)
  object space 64512K, 35% used [0x00000000a2000000,0x00000000a3647d58,0x00000000a5f00000)
 Metaspace       used 17125K, capacity 17562K, committed 17792K, reserved 1064960K
  class space    used 2021K, capacity 2159K, committed 2176K, reserved 1048576K
}
Event: 13.514 GC heap before
{Heap before GC invocations=6 (full 0):
 PSYoungGen      total 101888K, used 23331K [0x00000000e0b00000, 0x00000000e7200000, 0x0000000100000000)
  eden space 98304K, 20% used [0x00000000e0b00000,0x00000000e1e50f08,0x00000000e6b00000)
  from space 3584K, 99% used [0x00000000e6b00000,0x00000000e6e78020,0x00000000e6e80000)
  to   space 3584K, 0% used [0x00000000e6e80000,0x00000000e6e80000,0x00000000e7200000)
 ParOldGen       total 64512K, used 22815K [0x00000000a2000000, 0x00000000a5f00000, 0x00000000e0b00000)
  object space 64512K, 35% used [0x00000000a2000000,0x00000000a3647d58,0x00000000a5f00000)
 Metaspace       used 20662K, capacity 21158K, committed 21296K, reserved 1069056K
  class space    used 2501K, capacity 2655K, committed 2688K, reserved 1048576K
Event: 13.534 GC heap after
Heap after GC invocations=6 (full 0):
 PSYoungGen      total 101888K, used 3568K [0x00000000e0b00000, 0x00000000e7200000, 0x0000000100000000)
  eden space 98304K, 0% used [0x00000000e0b00000,0x00000000e0b00000,0x00000000e6b00000)
  from space 3584K, 99% used [0x00000000e6e80000,0x00000000e71fc010,0x00000000e7200000)
  to   space 3584K, 0% used [0x00000000e6b00000,0x00000000e6b00000,0x00000000e6e80000)
 ParOldGen       total 64512K, used 24852K [0x00000000a2000000, 0x00000000a5f00000, 0x00000000e0b00000)
  object space 64512K, 38% used [0x00000000a2000000,0x00000000a3845290,0x00000000a5f00000)
 Metaspace       used 20662K, capacity 21158K, committed 21296K, reserved 1069056K
  class space    used 2501K, capacity 2655K, committed 2688K, reserved 1048576K
}
Event: 13.534 GC heap before
{Heap before GC invocations=7 (full 1):
 PSYoungGen      total 101888K, used 3568K [0x00000000e0b00000, 0x00000000e7200000, 0x0000000100000000)
  eden space 98304K, 0% used [0x00000000e0b00000,0x00000000e0b00000,0x00000000e6b00000)
  from space 3584K, 99% used [0x00000000e6e80000,0x00000000e71fc010,0x00000000e7200000)
  to   space 3584K, 0% used [0x00000000e6b00000,0x00000000e6b00000,0x00000000e6e80000)
 ParOldGen       total 64512K, used 24852K [0x00000000a2000000, 0x00000000a5f00000, 0x00000000e0b00000)
  object space 64512K, 38% used [0x00000000a2000000,0x00000000a3845290,0x00000000a5f00000)
 Metaspace       used 20662K, capacity 21158K, committed 21296K, reserved 1069056K
  class space    used 2501K, capacity 2655K, committed 2688K, reserved 1048576K
Event: 13.709 GC heap after
Heap after GC invocations=7 (full 1):
 PSYoungGen      total 101888K, used 0K [0x00000000e0b00000, 0x00000000e7200000, 0x0000000100000000)
  eden space 98304K, 0% used [0x00000000e0b00000,0x00000000e0b00000,0x00000000e6b00000)
  from space 3584K, 0% used [0x00000000e6e80000,0x00000000e6e80000,0x00000000e7200000)
  to   space 3584K, 0% used [0x00000000e6b00000,0x00000000e6b00000,0x00000000e6e80000)
 ParOldGen       total 66048K, used 20231K [0x00000000a2000000, 0x00000000a6080000, 0x00000000e0b00000)
  object space 66048K, 30% used [0x00000000a2000000,0x00000000a33c1fd8,0x00000000a6080000)
 Metaspace       used 20662K, capacity 21158K, committed 21296K, reserved 1069056K
  class space    used 2501K, capacity 2655K, committed 2688K, reserved 1048576K
}

Deoptimization events (10 events):
Event: 11.893 Thread 0x0000000002f42800 Uncommon trap: reason=unstable_if action=reinterpret pc=0x00000000037977e8 method=org.eclipse.sisu.plexus.RealmFilteredBeans$FilteredItr.hasNext()Z @ 44
Event: 11.894 Thread 0x0000000002f42800 Uncommon trap: reason=unstable_if action=reinterpret pc=0x00000000037b00c4 method=org.eclipse.sisu.plexus.RealmFilteredBeans$FilteredItr.hasNext()Z @ 44
Event: 12.012 Thread 0x0000000002f42800 Uncommon trap: reason=bimorphic action=maybe_recompile pc=0x0000000003629150 method=java.util.regex.Pattern$CharProperty.match(Ljava/util/regex/Matcher;ILjava/lang/CharSequence;)Z @ 37
Event: 12.785 Thread 0x0000000002f42800 Uncommon trap: reason=unstable_if action=reinterpret pc=0x00000000037f9298 method=org.eclipse.sisu.plexus.RealmFilteredBeans$FilteredItr.hasNext()Z @ 44
Event: 12.919 Thread 0x0000000002f42800 Uncommon trap: reason=bimorphic action=maybe_recompile pc=0x0000000003629150 method=java.util.regex.Pattern$CharProperty.match(Ljava/util/regex/Matcher;ILjava/lang/CharSequence;)Z @ 37
Event: 13.864 Thread 0x0000000002f42800 Uncommon trap: reason=unstable_if action=reinterpret pc=0x0000000003a0b2a0 method=java.util.jar.Manifest$FastInputStream.readLine([BII)I @ 87
Event: 14.009 Thread 0x0000000002f42800 Uncommon trap: reason=class_check action=maybe_recompile pc=0x000000000322c350 method=sun.misc.URLClassPath.getLoader(I)Lsun/misc/URLClassPath$Loader; @ 94
Event: 14.039 Thread 0x0000000002f42800 Uncommon trap: reason=unstable_if action=reinterpret pc=0x000000000322b9e8 method=java.util.HashMap.putVal(ILjava/lang/Object;Ljava/lang/Object;ZZ)Ljava/lang/Object; @ 193
Event: 14.039 Thread 0x0000000002f42800 Uncommon trap: reason=unstable_if action=reinterpret pc=0x000000000322f020 method=sun.misc.URLClassPath$JarLoader.getResource(Ljava/lang/String;Z)Lsun/misc/Resource; @ 62
Event: 14.042 Thread 0x0000000002f42800 Uncommon trap: reason=unstable_if action=reinterpret pc=0x00000000032454dc method=java.util.HashMap.putVal(ILjava/lang/Object;Ljava/lang/Object;ZZ)Ljava/lang/Object; @ 193

Classes redefined (0 events):
No events

Internal exceptions (10 events):
Event: 6.351 Thread 0x0000000002f42800 Exception <a 'java/lang/NullPointerException'> (0x00000000e26fdb60) thrown at [C:\re\workspace\8-2-build-windows-amd64-cygwin\jdk8u171\10807\hotspot\src\share\vm\interpreter\linkResolver.cpp, line 1185]
Event: 6.489 Thread 0x0000000002f42800 Implicit null exception at 0x000000000333c756 to 0x000000000333caf1
Event: 6.490 Thread 0x0000000002f42800 Implicit null exception at 0x00000000032337d6 to 0x0000000003233b6d
Event: 7.149 Thread 0x0000000002f42800 Implicit null exception at 0x00000000036140af to 0x00000000036142f1
Event: 9.016 Thread 0x0000000002f42800 Implicit null exception at 0x000000000340a395 to 0x000000000340a565
Event: 9.017 Thread 0x0000000002f42800 Implicit null exception at 0x00000000034465ef to 0x0000000003446659
Event: 9.026 Thread 0x0000000002f42800 Implicit null exception at 0x00000000037eeaef to 0x00000000037eed31
Event: 9.309 Thread 0x0000000002f42800 Implicit null exception at 0x000000000378624f to 0x0000000003786751
Event: 13.061 Thread 0x0000000002f42800 Exception <a 'java/lang/ClassNotFoundException': com/sun/tools/javac/api/JavacTool> (0x00000000e12ec390) thrown at [C:\re\workspace\8-2-build-windows-amd64-cygwin\jdk8u171\10807\hotspot\src\share\vm\classfile\systemDictionary.cpp, line 210]
Event: 14.190 Thread 0x0000000002f42800 Exception <a 'java/lang/OutOfMemoryError'> (0x00000000e115bbe0) thrown at [C:\re\workspace\8-2-build-windows-amd64-cygwin\jdk8u171\10807\hotspot\src\share\vm\prims\jni.cpp, line 735]

Events (10 events):
Event: 14.202 loading class com/sun/tools/javac/util/Log$WriterKind
Event: 14.202 loading class com/sun/tools/javac/util/Log$WriterKind done
Event: 14.203 loading class com/sun/tools/javac/util/Log$2
Event: 14.203 loading class com/sun/tools/javac/util/Log$2 done
Event: 14.204 loading class com/sun/tools/javac/util/JCDiagnostic$DiagnosticType
Event: 14.204 loading class com/sun/tools/javac/util/JCDiagnostic$DiagnosticType done
Event: 14.204 loading class java/lang/Throwable$WrappedPrintWriter
Event: 14.205 loading class java/lang/Throwable$PrintStreamOrWriter
Event: 14.205 loading class java/lang/Throwable$PrintStreamOrWriter done
Event: 14.205 loading class java/lang/Throwable$WrappedPrintWriter done


Dynamic libraries:
0x00007ff6eae10000 - 0x00007ff6eae47000 	C:\Program Files\Java\jdk1.8.0_171\bin\java.exe
0x00007ff8da010000 - 0x00007ff8da1f1000 	C:\WINDOWS\SYSTEM32\ntdll.dll
0x00007ff8d1d30000 - 0x00007ff8d1d64000 	C:\Program Files\AVAST Software\Avast\x64\aswhooka.dll
0x00007ff8d9900000 - 0x00007ff8d99b2000 	C:\WINDOWS\System32\KERNEL32.DLL
0x00007ff8d6860000 - 0x00007ff8d6ad3000 	C:\WINDOWS\System32\KERNELBASE.dll
0x00007ff8d78e0000 - 0x00007ff8d7981000 	C:\WINDOWS\System32\ADVAPI32.dll
0x00007ff8d9df0000 - 0x00007ff8d9e8e000 	C:\WINDOWS\System32\msvcrt.dll
0x00007ff8d9d90000 - 0x00007ff8d9deb000 	C:\WINDOWS\System32\sechost.dll
0x00007ff8d9e90000 - 0x00007ff8d9fb4000 	C:\WINDOWS\System32\RPCRT4.dll
0x00007ff8d8320000 - 0x00007ff8d84b0000 	C:\WINDOWS\System32\USER32.dll
0x00007ff8d6840000 - 0x00007ff8d6860000 	C:\WINDOWS\System32\win32u.dll
0x00007ff8d78b0000 - 0x00007ff8d78d8000 	C:\WINDOWS\System32\GDI32.dll
0x00007ff8d6ae0000 - 0x00007ff8d6c72000 	C:\WINDOWS\System32\gdi32full.dll
0x00007ff8d63e0000 - 0x00007ff8d647f000 	C:\WINDOWS\System32\msvcp_win.dll
0x00007ff8d6670000 - 0x00007ff8d676a000 	C:\WINDOWS\System32\ucrtbase.dll
0x00007ff8cb0e0000 - 0x00007ff8cb349000 	C:\WINDOWS\WinSxS\amd64_microsoft.windows.common-controls_6595b64144ccf1df_6.0.17134.165_none_fb429645306569ac\COMCTL32.dll
0x00007ff8d74a0000 - 0x00007ff8d77c3000 	C:\WINDOWS\System32\combase.dll
0x00007ff8d67c0000 - 0x00007ff8d683a000 	C:\WINDOWS\System32\bcryptPrimitives.dll
0x00007ff8d7990000 - 0x00007ff8d79bd000 	C:\WINDOWS\System32\IMM32.DLL
0x000000005fdb0000 - 0x000000005fe82000 	C:\Program Files\Java\jdk1.8.0_171\jre\bin\msvcr100.dll
0x000000005f510000 - 0x000000005fdb0000 	C:\Program Files\Java\jdk1.8.0_171\jre\bin\server\jvm.dll
0x00007ff8d78a0000 - 0x00007ff8d78a8000 	C:\WINDOWS\System32\PSAPI.DLL
0x00007ff8c8920000 - 0x00007ff8c8929000 	C:\WINDOWS\SYSTEM32\WSOCK32.dll
0x00007ff8d77d0000 - 0x00007ff8d783c000 	C:\WINDOWS\System32\WS2_32.dll
0x00007ff8d36f0000 - 0x00007ff8d3713000 	C:\WINDOWS\SYSTEM32\WINMM.dll
0x00007ff8ca3a0000 - 0x00007ff8ca3aa000 	C:\WINDOWS\SYSTEM32\VERSION.dll
0x00007ff8d36c0000 - 0x00007ff8d36ea000 	C:\WINDOWS\SYSTEM32\WINMMBASE.dll
0x00007ff8d6770000 - 0x00007ff8d67b9000 	C:\WINDOWS\System32\cfgmgr32.dll
0x000000005f500000 - 0x000000005f50f000 	C:\Program Files\Java\jdk1.8.0_171\jre\bin\verify.dll
0x000000005f4d0000 - 0x000000005f4f9000 	C:\Program Files\Java\jdk1.8.0_171\jre\bin\java.dll
0x000000005f4b0000 - 0x000000005f4c6000 	C:\Program Files\Java\jdk1.8.0_171\jre\bin\zip.dll
0x00007ff8d84c0000 - 0x00007ff8d9900000 	C:\WINDOWS\System32\SHELL32.dll
0x00007ff8d7bc0000 - 0x00007ff8d7c69000 	C:\WINDOWS\System32\shcore.dll
0x00007ff8d6d30000 - 0x00007ff8d743d000 	C:\WINDOWS\System32\windows.storage.dll
0x00007ff8d7cf0000 - 0x00007ff8d7d41000 	C:\WINDOWS\System32\shlwapi.dll
0x00007ff8d6340000 - 0x00007ff8d6351000 	C:\WINDOWS\System32\kernel.appcore.dll
0x00007ff8d6320000 - 0x00007ff8d633f000 	C:\WINDOWS\System32\profapi.dll
0x00007ff8d6390000 - 0x00007ff8d63dc000 	C:\WINDOWS\System32\powrprof.dll
0x00007ff8d6360000 - 0x00007ff8d636a000 	C:\WINDOWS\System32\FLTLIB.DLL
0x00007ff8cdb00000 - 0x00007ff8cdb0a000 	E:\Software\apache-maven-3.5.4\lib\jansi-native\windows64\jansi.dll
0x000000005f480000 - 0x000000005f49a000 	C:\Program Files\Java\jdk1.8.0_171\jre\bin\net.dll
0x00007ff8d57e0000 - 0x00007ff8d5846000 	C:\WINDOWS\system32\mswsock.dll
0x000000005f460000 - 0x000000005f471000 	C:\Program Files\Java\jdk1.8.0_171\jre\bin\nio.dll

VM Arguments:
jvm_args: -Dclassworlds.conf=E:\Software\apache-maven-3.5.4\bin\..\bin\m2.conf -Dmaven.home=E:\Software\apache-maven-3.5.4\bin\.. -Dlibrary.jansi.path=E:\Software\apache-maven-3.5.4\bin\..\lib\jansi-native -Dmaven.multiModuleProjectDirectory=E:\Baeldung 
java_command: org.codehaus.plexus.classworlds.launcher.Launcher clean install
java_class_path (initial): E:\Software\apache-maven-3.5.4\bin\..\boot\plexus-classworlds-2.5.2.jar
Launcher Type: SUN_STANDARD

Environment Variables:
JAVA_HOME=C:\Program Files\Java\jdk1.8.0_171
CLASSPATH=.;C:\Program Files (x86)\Java\jre6\lib\ext\QTJava.zip
PATH=C:\Program Files (x86)\Common Files\Oracle\Java\javapath;E:\apache-ant-1.8.2\bin;C:\oraclexe\app\oracle\product\10.2.0\server\bin;c:\Program Files (x86)\AMD APP\bin\x86_64;c:\Program Files (x86)\AMD APP\bin\x86;c:\Program Files (x86)\Intel\iCLS Client\;c:\Program Files\Intel\iCLS Client\;C:\WINDOWS\system32;C:\WINDOWS;C:\WINDOWS\System32\Wbem;C:\WINDOWS\System32\WindowsPowerShell\v1.0\;C:\Program Files\Intel\Intel(R) Management Engine Components\DAL;C:\Program Files\Intel\Intel(R) Management Engine Components\IPT;C:\Program Files (x86)\Intel\Intel(R) Management Engine Components\DAL;C:\Program Files (x86)\Intel\Intel(R) Management Engine Components\IPT;c:\Program Files (x86)\ATI Technologies\ATI.ACE\Core-Static;C:\Program Files (x86)\Windows Live\Shared;E:\Java\jdk1.6.0_17\jre\bin;C:\Program Files (x86)\ATI Technologies\ATI.ACE\Core-Static;C:\Program Files (x86)\QuickTime\QTSystem\;C:\Program Files (x86)\Skype\Phone\;C:\WINDOWS\System32\OpenSSH\;E:\Dimenstionsetup\Accessories\;C:\Program Files (x86)\Common Files\IBM\SPSS\DataCollection\6\DMOM\;C:\Program Files\Java\jdk1.8.0_171\bin;;C:\Users\Satyam Tyagi\AppData\Local\Microsoft\WindowsApps;E:\Software\apache-maven-3.5.4\bin
USERNAME=Satyam's-Hub
OS=Windows_NT
PROCESSOR_IDENTIFIER=Intel64 Family 6 Model 58 Stepping 9, GenuineIntel



---------------  S Y S T E M  ---------------

OS: Windows 10.0 , 64 bit Build 17134 (10.0.17134.1)

CPU:total 4 (initial active 4) (2 cores per cpu, 2 threads per core) family 6 model 58 stepping 9, cmov, cx8, fxsr, mmx, sse, sse2, sse3, ssse3, sse4.1, sse4.2, popcnt, avx, clmul, erms, ht, tsc, tscinvbit, tscinv

Memory: 4k page, physical 6157592k(1295856k free), swap 8254744k(5988k free)

vm_info: Java HotSpot(TM) 64-Bit Server VM (25.171-b11) for windows-amd64 JRE (1.8.0_171-b11), built on Mar 28 2018 16:06:12 by "java_re" with MS VC++ 10.0 (VS2010)

time: Sun Aug 05 16:10:27 2018
elapsed time: 14 seconds (0d 0h 0m 14s)

